2022-04-05 19:10:49.118-03:00 INFO  c.m.applicationinsights.agent - ApplicationInsights Java Agent 3.2.7 started successfully (PID 7788)
2022-04-05 19:10:55.913-03:00 ERROR c.m.a.a.i.q.QuickPulsePingSender - 
*************************
ApplicationInsights Java Agent failed to connect to Live metric end point.
*************************

Description:
Probable root cause may be : missing cipher suites which are expected by the requested target.

Action:
The Application Insights Java agent detects that you do not have any of the following cipher suites that are supported by the endpoint it connects to: https://rt.services.visualstudio.com/QuickPulseService.svc
TLS_ECDHE_RSA_WITH_AES_256_GCM_SHA384
TLS_ECDHE_RSA_WITH_AES_128_GCM_SHA256
TLS_ECDHE_RSA_WITH_AES_256_CBC_SHA384
TLS_ECDHE_RSA_WITH_AES_128_CBC_SHA256
Learn more about troubleshooting this network issue related to cipher suites here: https://go.microsoft.com/fwlink/?linkid=2185426

Note:
This message is only logged the first time it occurs after startup.

2022-04-05 19:10:57.558-03:00 WARN  c.m.a.a.i.i.AppIdSupplier$GetAppIdTask - Unable to retrieve appId: received 404 from https://dc.services.visualstudio.com/api/profiles/.../appId
full response:
Profile Not Found (future warnings will be aggregated and logged once every 5 minutes)
2022-04-05 19:11:13.713-03:00 WARN  c.m.a.a.i.telemetry.TelemetryChannel - Sending telemetry to the ingestion service: received response code: 400 (future warnings will be aggregated and logged once every 5 minutes)
2022-04-05 19:11:34.580-03:00 INFO  c.m.applicationinsights.agent - ApplicationInsights Java Agent 3.2.7 started successfully (PID 12512)
2022-04-05 19:11:35.554-03:00 ERROR c.m.a.a.i.q.QuickPulsePingSender - 
*************************
ApplicationInsights Java Agent failed to connect to Live metric end point.
*************************

Description:
Probable root cause may be : missing cipher suites which are expected by the requested target.

Action:
The Application Insights Java agent detects that you do not have any of the following cipher suites that are supported by the endpoint it connects to: https://rt.services.visualstudio.com/QuickPulseService.svc
TLS_ECDHE_RSA_WITH_AES_256_GCM_SHA384
TLS_ECDHE_RSA_WITH_AES_128_GCM_SHA256
TLS_ECDHE_RSA_WITH_AES_256_CBC_SHA384
TLS_ECDHE_RSA_WITH_AES_128_CBC_SHA256
Learn more about troubleshooting this network issue related to cipher suites here: https://go.microsoft.com/fwlink/?linkid=2185426

Note:
This message is only logged the first time it occurs after startup.

2022-04-05 19:11:36.152-03:00 WARN  c.m.a.a.i.i.AppIdSupplier$GetAppIdTask - Unable to retrieve appId: received 404 from https://dc.services.visualstudio.com/api/profiles/.../appId
full response:
Profile Not Found (future warnings will be aggregated and logged once every 5 minutes)
2022-04-05 19:11:44.791-03:00 ERROR c.m.a.a.i.p.FreeMemoryPerformanceCounter - Error getting FreePhysicalMemorySize
2022-04-05 19:11:53.635-03:00 WARN  c.m.a.a.i.telemetry.TelemetryChannel - Sending telemetry to the ingestion service: received response code: 400 (future warnings will be aggregated and logged once every 5 minutes)
2022-04-05 19:15:24.315-03:00 ERROR c.m.a.a.i.q.QuickPulsePingSender - 
*************************
ApplicationInsights Java Agent failed to connect to Live metric end point.
*************************

Description:
Probable root cause may be : missing cipher suites which are expected by the requested target.

Action:
The Application Insights Java agent detects that you do not have any of the following cipher suites that are supported by the endpoint it connects to: https://rt.services.visualstudio.com/QuickPulseService.svc
TLS_ECDHE_RSA_WITH_AES_256_GCM_SHA384
TLS_ECDHE_RSA_WITH_AES_128_GCM_SHA256
TLS_ECDHE_RSA_WITH_AES_256_CBC_SHA384
TLS_ECDHE_RSA_WITH_AES_128_CBC_SHA256
Learn more about troubleshooting this network issue related to cipher suites here: https://go.microsoft.com/fwlink/?linkid=2185426

Note:
This message is only logged the first time it occurs after startup.

2022-04-05 19:15:25.114-03:00 INFO  c.m.applicationinsights.agent - ApplicationInsights Java Agent 3.2.7 started successfully (PID 2948)
2022-04-05 19:15:26.184-03:00 WARN  c.m.a.a.i.i.AppIdSupplier$GetAppIdTask - Unable to retrieve appId: received 404 from https://dc.services.visualstudio.com/api/profiles/.../appId
full response:
Profile Not Found (future warnings will be aggregated and logged once every 5 minutes)
2022-04-05 19:15:36.698-03:00 WARN  c.m.a.a.i.telemetry.TelemetryChannel - Sending telemetry to the ingestion service: received response code: 400 (future warnings will be aggregated and logged once every 5 minutes)
2022-04-05 19:15:44.577-03:00 ERROR c.m.a.a.i.q.QuickPulsePingSender - 
*************************
ApplicationInsights Java Agent failed to connect to Live metric end point.
*************************

Description:
Probable root cause may be : missing cipher suites which are expected by the requested target.

Action:
The Application Insights Java agent detects that you do not have any of the following cipher suites that are supported by the endpoint it connects to: https://rt.services.visualstudio.com/QuickPulseService.svc
TLS_ECDHE_RSA_WITH_AES_256_GCM_SHA384
TLS_ECDHE_RSA_WITH_AES_128_GCM_SHA256
TLS_ECDHE_RSA_WITH_AES_256_CBC_SHA384
TLS_ECDHE_RSA_WITH_AES_128_CBC_SHA256
Learn more about troubleshooting this network issue related to cipher suites here: https://go.microsoft.com/fwlink/?linkid=2185426

Note:
This message is only logged the first time it occurs after startup.

2022-04-05 19:15:45.406-03:00 INFO  c.m.applicationinsights.agent - ApplicationInsights Java Agent 3.2.7 started successfully (PID 7976)
2022-04-05 19:15:46.332-03:00 WARN  c.m.a.a.i.i.AppIdSupplier$GetAppIdTask - Unable to retrieve appId: received 404 from https://dc.services.visualstudio.com/api/profiles/.../appId
full response:
Profile Not Found (future warnings will be aggregated and logged once every 5 minutes)
2022-04-05 19:15:56.410-03:00 WARN  c.m.a.a.i.telemetry.TelemetryChannel - Sending telemetry to the ingestion service: received response code: 400 (future warnings will be aggregated and logged once every 5 minutes)
2022-04-05 19:16:20.619-03:00 ERROR c.m.a.a.i.q.QuickPulsePingSender - 
*************************
ApplicationInsights Java Agent failed to connect to Live metric end point.
*************************

Description:
Probable root cause may be : missing cipher suites which are expected by the requested target.

Action:
The Application Insights Java agent detects that you do not have any of the following cipher suites that are supported by the endpoint it connects to: https://rt.services.visualstudio.com/QuickPulseService.svc
TLS_ECDHE_RSA_WITH_AES_256_GCM_SHA384
TLS_ECDHE_RSA_WITH_AES_128_GCM_SHA256
TLS_ECDHE_RSA_WITH_AES_256_CBC_SHA384
TLS_ECDHE_RSA_WITH_AES_128_CBC_SHA256
Learn more about troubleshooting this network issue related to cipher suites here: https://go.microsoft.com/fwlink/?linkid=2185426

Note:
This message is only logged the first time it occurs after startup.

2022-04-05 19:16:21.582-03:00 INFO  c.m.applicationinsights.agent - ApplicationInsights Java Agent 3.2.7 started successfully (PID 10616)
2022-04-05 19:16:22.511-03:00 WARN  c.m.a.a.i.i.AppIdSupplier$GetAppIdTask - Unable to retrieve appId: received 404 from https://dc.services.visualstudio.com/api/profiles/.../appId
full response:
Profile Not Found (future warnings will be aggregated and logged once every 5 minutes)
2022-04-05 19:16:32.052-03:00 WARN  c.m.a.a.i.telemetry.TelemetryChannel - Sending telemetry to the ingestion service: received response code: 400 (future warnings will be aggregated and logged once every 5 minutes)
2022-04-05 19:17:17.003-03:00 ERROR c.m.a.a.i.q.QuickPulsePingSender - 
*************************
ApplicationInsights Java Agent failed to connect to Live metric end point.
*************************

Description:
Probable root cause may be : missing cipher suites which are expected by the requested target.

Action:
The Application Insights Java agent detects that you do not have any of the following cipher suites that are supported by the endpoint it connects to: https://rt.services.visualstudio.com/QuickPulseService.svc
TLS_ECDHE_RSA_WITH_AES_256_GCM_SHA384
TLS_ECDHE_RSA_WITH_AES_128_GCM_SHA256
TLS_ECDHE_RSA_WITH_AES_256_CBC_SHA384
TLS_ECDHE_RSA_WITH_AES_128_CBC_SHA256
Learn more about troubleshooting this network issue related to cipher suites here: https://go.microsoft.com/fwlink/?linkid=2185426

Note:
This message is only logged the first time it occurs after startup.

2022-04-05 19:17:17.864-03:00 INFO  c.m.applicationinsights.agent - ApplicationInsights Java Agent 3.2.7 started successfully (PID 13416)
2022-04-05 19:17:18.852-03:00 WARN  c.m.a.a.i.i.AppIdSupplier$GetAppIdTask - Unable to retrieve appId: received 404 from https://dc.services.visualstudio.com/api/profiles/.../appId
full response:
Profile Not Found (future warnings will be aggregated and logged once every 5 minutes)
2022-04-05 19:17:29.040-03:00 ERROR c.m.a.a.i.q.QuickPulsePingSender - 
*************************
ApplicationInsights Java Agent failed to connect to Live metric end point.
*************************

Description:
Probable root cause may be : missing cipher suites which are expected by the requested target.

Action:
The Application Insights Java agent detects that you do not have any of the following cipher suites that are supported by the endpoint it connects to: https://rt.services.visualstudio.com/QuickPulseService.svc
TLS_ECDHE_RSA_WITH_AES_256_GCM_SHA384
TLS_ECDHE_RSA_WITH_AES_128_GCM_SHA256
TLS_ECDHE_RSA_WITH_AES_256_CBC_SHA384
TLS_ECDHE_RSA_WITH_AES_128_CBC_SHA256
Learn more about troubleshooting this network issue related to cipher suites here: https://go.microsoft.com/fwlink/?linkid=2185426

Note:
This message is only logged the first time it occurs after startup.

2022-04-05 19:17:29.231-03:00 WARN  c.m.a.a.i.telemetry.TelemetryChannel - Sending telemetry to the ingestion service: received response code: 400 (future warnings will be aggregated and logged once every 5 minutes)
2022-04-05 19:17:31.586-03:00 INFO  c.m.applicationinsights.agent - ApplicationInsights Java Agent 3.2.7 started successfully (PID 13492)
2022-04-05 19:17:32.604-03:00 WARN  c.m.a.a.i.i.AppIdSupplier$GetAppIdTask - Unable to retrieve appId: received 404 from https://dc.services.visualstudio.com/api/profiles/.../appId
full response:
Profile Not Found (future warnings will be aggregated and logged once every 5 minutes)
2022-04-05 19:17:43.406-03:00 WARN  c.m.a.a.i.telemetry.TelemetryChannel - Sending telemetry to the ingestion service: received response code: 400 (future warnings will be aggregated and logged once every 5 minutes)
2022-04-05 19:18:25.587-03:00 ERROR c.m.a.a.i.p.FreeMemoryPerformanceCounter - Error getting FreePhysicalMemorySize
2022-04-05 19:22:32.629-03:00 WARN  c.m.a.a.i.i.AppIdSupplier$GetAppIdTask - In the last 5 minutes, the following warning has occurred 9 times: Unable to retrieve appId:
 * received 404 from https://dc.services.visualstudio.com/api/profiles/.../appId
full response:
Profile Not Found (9 times)
2022-04-05 19:27:07.563-03:00 WARN  c.m.a.a.i.telemetry.TelemetryChannel - In the last 5 minutes, the following operation has failed 1 times (out of 2): Sending telemetry to the ingestion service:
 * received response code: 400 (1 times)
2022-04-05 19:27:11.127-03:00 ERROR c.m.a.a.i.p.CpuPerformanceCounterCalculator - Error in getProcessCPUUsage
2022-04-05 19:27:11.128-03:00 ERROR c.m.a.a.i.p.FreeMemoryPerformanceCounter - Error getting FreePhysicalMemorySize
2022-04-05 19:27:11.515-03:00 ERROR c.m.a.a.i.p.CpuPerformanceCounterCalculator - Error in getProcessCPUUsage
2022-04-05 19:27:11.515-03:00 ERROR c.m.a.a.i.p.FreeMemoryPerformanceCounter - Error getting FreePhysicalMemorySize
2022-04-05 19:27:11.725-03:00 ERROR c.m.a.a.i.p.CpuPerformanceCounterCalculator - Error in getProcessCPUUsage
2022-04-05 19:27:11.726-03:00 ERROR c.m.a.a.i.p.FreeMemoryPerformanceCounter - Error getting FreePhysicalMemorySize
2022-04-05 19:27:12.081-03:00 ERROR c.m.a.a.i.p.CpuPerformanceCounterCalculator - Error in getProcessCPUUsage
2022-04-05 19:27:12.085-03:00 ERROR c.m.a.a.i.p.FreeMemoryPerformanceCounter - Error getting FreePhysicalMemorySize
2022-04-05 19:27:12.385-03:00 ERROR c.m.a.a.i.p.CpuPerformanceCounterCalculator - Error in getProcessCPUUsage
2022-04-05 19:27:12.386-03:00 ERROR c.m.a.a.i.p.FreeMemoryPerformanceCounter - Error getting FreePhysicalMemorySize
2022-04-05 19:27:12.664-03:00 ERROR c.m.a.a.i.p.CpuPerformanceCounterCalculator - Error in getProcessCPUUsage
2022-04-05 19:27:12.666-03:00 ERROR c.m.a.a.i.p.FreeMemoryPerformanceCounter - Error getting FreePhysicalMemorySize
2022-04-05 19:27:12.982-03:00 ERROR c.m.a.a.i.p.CpuPerformanceCounterCalculator - Error in getProcessCPUUsage
2022-04-05 19:27:12.983-03:00 ERROR c.m.a.a.i.p.FreeMemoryPerformanceCounter - Error getting FreePhysicalMemorySize
2022-04-05 19:27:13.235-03:00 ERROR c.m.a.a.i.p.CpuPerformanceCounterCalculator - Error in getProcessCPUUsage
2022-04-05 19:27:13.236-03:00 ERROR c.m.a.a.i.p.FreeMemoryPerformanceCounter - Error getting FreePhysicalMemorySize
2022-04-05 19:27:13.467-03:00 ERROR c.m.a.a.i.p.CpuPerformanceCounterCalculator - Error in getProcessCPUUsage
2022-04-05 19:27:25.511-03:00 ERROR c.m.a.a.i.p.FreeMemoryPerformanceCounter - Error getting FreePhysicalMemorySize
2022-04-05 19:27:25.756-03:00 ERROR c.m.a.a.i.p.CpuPerformanceCounterCalculator - Error in getProcessCPUUsage
2022-04-05 19:28:25.511-03:00 ERROR c.m.a.a.i.p.FreeMemoryPerformanceCounter - Error getting FreePhysicalMemorySize
2022-04-05 19:28:25.744-03:00 ERROR c.m.a.a.i.p.CpuPerformanceCounterCalculator - Error in getProcessCPUUsage
2022-04-05 19:29:25.510-03:00 ERROR c.m.a.a.i.p.FreeMemoryPerformanceCounter - Error getting FreePhysicalMemorySize
2022-04-05 19:29:25.643-03:00 ERROR c.m.a.a.i.p.CpuPerformanceCounterCalculator - Error in getProcessCPUUsage
2022-04-05 19:44:36.233-03:00 INFO  c.m.applicationinsights.agent - ApplicationInsights Java Agent 3.2.7 started successfully (PID 12420)
2022-04-05 19:44:36.938-03:00 WARN  c.m.a.a.i.i.AppIdSupplier$GetAppIdTask - Unable to retrieve appId: received 404 from https://dc.services.visualstudio.com/api/profiles/.../appId
full response:
Profile Not Found (future warnings will be aggregated and logged once every 5 minutes)
2022-04-05 19:45:32.737-03:00 ERROR c.m.a.a.i.p.FreeMemoryPerformanceCounter - Error getting FreePhysicalMemorySize
2022-04-05 19:47:59.040-03:00 WARN  c.m.a.a.i.telemetry.TelemetryChannel - Sending telemetry to the ingestion service: received response code: 400 (future warnings will be aggregated and logged once every 5 minutes)
2022-04-05 19:48:08.412-03:00 INFO  c.m.applicationinsights.agent - ApplicationInsights Java Agent 3.2.7 started successfully (PID 14100)
2022-04-05 19:49:04.791-03:00 ERROR c.m.a.a.i.p.FreeMemoryPerformanceCounter - Error getting FreePhysicalMemorySize
2022-04-05 19:49:08.552-03:00 ERROR c.m.a.a.i.p.CpuPerformanceCounterCalculator - Error in getProcessCPUUsage
2022-04-05 19:50:04.646-03:00 ERROR c.m.a.a.i.p.FreeMemoryPerformanceCounter - Error getting FreePhysicalMemorySize
2022-04-05 19:50:04.806-03:00 ERROR c.m.a.a.i.p.CpuPerformanceCounterCalculator - Error in getProcessCPUUsage
2022-04-05 19:51:04.645-03:00 ERROR c.m.a.a.i.p.FreeMemoryPerformanceCounter - Error getting FreePhysicalMemorySize
2022-04-05 19:51:04.934-03:00 ERROR c.m.a.a.i.p.CpuPerformanceCounterCalculator - Error in getProcessCPUUsage
2022-04-05 19:52:04.645-03:00 ERROR c.m.a.a.i.p.FreeMemoryPerformanceCounter - Error getting FreePhysicalMemorySize
2022-04-05 19:52:04.781-03:00 ERROR c.m.a.a.i.p.CpuPerformanceCounterCalculator - Error in getProcessCPUUsage
2022-04-05 19:52:13.256-03:00 ERROR c.m.a.a.i.p.CpuPerformanceCounterCalculator - Error in getProcessCPUUsage
2022-04-05 19:52:14.260-03:00 ERROR c.m.a.a.i.p.CpuPerformanceCounterCalculator - Error in getProcessCPUUsage
2022-04-05 19:52:15.262-03:00 ERROR c.m.a.a.i.p.CpuPerformanceCounterCalculator - Error in getProcessCPUUsage
2022-04-05 19:52:16.264-03:00 ERROR c.m.a.a.i.p.CpuPerformanceCounterCalculator - Error in getProcessCPUUsage
2022-04-05 19:52:17.267-03:00 ERROR c.m.a.a.i.p.CpuPerformanceCounterCalculator - Error in getProcessCPUUsage
2022-04-05 19:52:18.268-03:00 ERROR c.m.a.a.i.p.CpuPerformanceCounterCalculator - Error in getProcessCPUUsage
2022-04-05 19:52:19.269-03:00 ERROR c.m.a.a.i.p.CpuPerformanceCounterCalculator - Error in getProcessCPUUsage
2022-04-05 19:52:20.271-03:00 ERROR c.m.a.a.i.p.CpuPerformanceCounterCalculator - Error in getProcessCPUUsage
2022-04-05 19:52:21.272-03:00 ERROR c.m.a.a.i.p.CpuPerformanceCounterCalculator - Error in getProcessCPUUsage
2022-04-05 19:52:22.274-03:00 ERROR c.m.a.a.i.p.CpuPerformanceCounterCalculator - Error in getProcessCPUUsage
2022-04-05 19:52:23.275-03:00 ERROR c.m.a.a.i.p.CpuPerformanceCounterCalculator - Error in getProcessCPUUsage
2022-04-05 19:52:24.277-03:00 ERROR c.m.a.a.i.p.CpuPerformanceCounterCalculator - Error in getProcessCPUUsage
2022-04-05 19:52:25.280-03:00 ERROR c.m.a.a.i.p.CpuPerformanceCounterCalculator - Error in getProcessCPUUsage
2022-04-05 19:52:26.283-03:00 ERROR c.m.a.a.i.p.CpuPerformanceCounterCalculator - Error in getProcessCPUUsage
2022-04-05 19:52:27.288-03:00 ERROR c.m.a.a.i.p.CpuPerformanceCounterCalculator - Error in getProcessCPUUsage
2022-04-05 19:52:28.290-03:00 ERROR c.m.a.a.i.p.CpuPerformanceCounterCalculator - Error in getProcessCPUUsage
2022-04-05 19:52:29.299-03:00 ERROR c.m.a.a.i.p.CpuPerformanceCounterCalculator - Error in getProcessCPUUsage
2022-04-05 19:52:30.302-03:00 ERROR c.m.a.a.i.p.CpuPerformanceCounterCalculator - Error in getProcessCPUUsage
2022-04-05 19:52:31.306-03:00 ERROR c.m.a.a.i.p.CpuPerformanceCounterCalculator - Error in getProcessCPUUsage
2022-04-05 19:52:32.308-03:00 ERROR c.m.a.a.i.p.CpuPerformanceCounterCalculator - Error in getProcessCPUUsage
2022-04-05 19:52:33.310-03:00 ERROR c.m.a.a.i.p.CpuPerformanceCounterCalculator - Error in getProcessCPUUsage
2022-04-05 19:52:34.312-03:00 ERROR c.m.a.a.i.p.CpuPerformanceCounterCalculator - Error in getProcessCPUUsage
2022-04-05 19:52:35.315-03:00 ERROR c.m.a.a.i.p.CpuPerformanceCounterCalculator - Error in getProcessCPUUsage
2022-04-05 19:52:36.317-03:00 ERROR c.m.a.a.i.p.CpuPerformanceCounterCalculator - Error in getProcessCPUUsage
2022-04-05 19:52:37.318-03:00 ERROR c.m.a.a.i.p.CpuPerformanceCounterCalculator - Error in getProcessCPUUsage
2022-04-05 19:52:38.321-03:00 ERROR c.m.a.a.i.p.CpuPerformanceCounterCalculator - Error in getProcessCPUUsage
2022-04-05 19:52:39.322-03:00 ERROR c.m.a.a.i.p.CpuPerformanceCounterCalculator - Error in getProcessCPUUsage
2022-04-05 19:52:40.324-03:00 ERROR c.m.a.a.i.p.CpuPerformanceCounterCalculator - Error in getProcessCPUUsage
2022-04-05 19:52:41.327-03:00 ERROR c.m.a.a.i.p.CpuPerformanceCounterCalculator - Error in getProcessCPUUsage
2022-04-05 19:52:42.330-03:00 ERROR c.m.a.a.i.p.CpuPerformanceCounterCalculator - Error in getProcessCPUUsage
2022-04-05 19:52:43.332-03:00 ERROR c.m.a.a.i.p.CpuPerformanceCounterCalculator - Error in getProcessCPUUsage
2022-04-05 19:52:44.335-03:00 ERROR c.m.a.a.i.p.CpuPerformanceCounterCalculator - Error in getProcessCPUUsage
2022-04-05 19:52:45.336-03:00 ERROR c.m.a.a.i.p.CpuPerformanceCounterCalculator - Error in getProcessCPUUsage
2022-04-05 19:52:46.338-03:00 ERROR c.m.a.a.i.p.CpuPerformanceCounterCalculator - Error in getProcessCPUUsage
2022-04-05 19:52:47.339-03:00 ERROR c.m.a.a.i.p.CpuPerformanceCounterCalculator - Error in getProcessCPUUsage
2022-04-05 19:52:48.342-03:00 ERROR c.m.a.a.i.p.CpuPerformanceCounterCalculator - Error in getProcessCPUUsage
2022-04-05 19:52:49.346-03:00 ERROR c.m.a.a.i.p.CpuPerformanceCounterCalculator - Error in getProcessCPUUsage
2022-04-05 19:52:50.349-03:00 ERROR c.m.a.a.i.p.CpuPerformanceCounterCalculator - Error in getProcessCPUUsage
2022-04-05 19:52:51.351-03:00 ERROR c.m.a.a.i.p.CpuPerformanceCounterCalculator - Error in getProcessCPUUsage
2022-04-05 19:52:52.353-03:00 ERROR c.m.a.a.i.p.CpuPerformanceCounterCalculator - Error in getProcessCPUUsage
2022-04-05 19:52:53.355-03:00 ERROR c.m.a.a.i.p.CpuPerformanceCounterCalculator - Error in getProcessCPUUsage
2022-04-05 19:52:54.356-03:00 ERROR c.m.a.a.i.p.CpuPerformanceCounterCalculator - Error in getProcessCPUUsage
2022-04-05 19:52:55.359-03:00 ERROR c.m.a.a.i.p.CpuPerformanceCounterCalculator - Error in getProcessCPUUsage
2022-04-05 19:52:56.361-03:00 ERROR c.m.a.a.i.p.CpuPerformanceCounterCalculator - Error in getProcessCPUUsage
2022-04-05 19:52:57.363-03:00 ERROR c.m.a.a.i.p.CpuPerformanceCounterCalculator - Error in getProcessCPUUsage
2022-04-05 19:52:58.365-03:00 ERROR c.m.a.a.i.p.CpuPerformanceCounterCalculator - Error in getProcessCPUUsage
2022-04-05 19:52:59.367-03:00 ERROR c.m.a.a.i.p.CpuPerformanceCounterCalculator - Error in getProcessCPUUsage
2022-04-05 19:53:00.368-03:00 ERROR c.m.a.a.i.p.CpuPerformanceCounterCalculator - Error in getProcessCPUUsage
2022-04-05 19:53:01.370-03:00 ERROR c.m.a.a.i.p.CpuPerformanceCounterCalculator - Error in getProcessCPUUsage
2022-04-05 19:53:02.372-03:00 ERROR c.m.a.a.i.p.CpuPerformanceCounterCalculator - Error in getProcessCPUUsage
2022-04-05 19:53:03.374-03:00 ERROR c.m.a.a.i.p.CpuPerformanceCounterCalculator - Error in getProcessCPUUsage
2022-04-05 19:53:04.376-03:00 ERROR c.m.a.a.i.p.CpuPerformanceCounterCalculator - Error in getProcessCPUUsage
2022-04-05 19:53:04.646-03:00 ERROR c.m.a.a.i.p.FreeMemoryPerformanceCounter - Error getting FreePhysicalMemorySize
2022-04-05 19:53:04.805-03:00 ERROR c.m.a.a.i.p.CpuPerformanceCounterCalculator - Error in getProcessCPUUsage
2022-04-05 19:53:05.377-03:00 ERROR c.m.a.a.i.p.CpuPerformanceCounterCalculator - Error in getProcessCPUUsage
2022-04-05 19:53:06.379-03:00 ERROR c.m.a.a.i.p.CpuPerformanceCounterCalculator - Error in getProcessCPUUsage
2022-04-05 19:53:07.382-03:00 ERROR c.m.a.a.i.p.CpuPerformanceCounterCalculator - Error in getProcessCPUUsage
2022-04-05 19:53:08.385-03:00 ERROR c.m.a.a.i.p.CpuPerformanceCounterCalculator - Error in getProcessCPUUsage
2022-04-05 19:53:09.387-03:00 ERROR c.m.a.a.i.p.CpuPerformanceCounterCalculator - Error in getProcessCPUUsage
2022-04-05 19:53:10.388-03:00 ERROR c.m.a.a.i.p.CpuPerformanceCounterCalculator - Error in getProcessCPUUsage
2022-04-05 19:53:11.390-03:00 ERROR c.m.a.a.i.p.CpuPerformanceCounterCalculator - Error in getProcessCPUUsage
2022-04-05 19:53:12.392-03:00 ERROR c.m.a.a.i.p.CpuPerformanceCounterCalculator - Error in getProcessCPUUsage
2022-04-05 19:53:13.393-03:00 ERROR c.m.a.a.i.p.CpuPerformanceCounterCalculator - Error in getProcessCPUUsage
2022-04-05 19:53:14.395-03:00 ERROR c.m.a.a.i.p.CpuPerformanceCounterCalculator - Error in getProcessCPUUsage
2022-04-05 19:53:15.397-03:00 ERROR c.m.a.a.i.p.CpuPerformanceCounterCalculator - Error in getProcessCPUUsage
2022-04-05 19:53:16.398-03:00 ERROR c.m.a.a.i.p.CpuPerformanceCounterCalculator - Error in getProcessCPUUsage
2022-04-05 19:53:17.399-03:00 ERROR c.m.a.a.i.p.CpuPerformanceCounterCalculator - Error in getProcessCPUUsage
2022-04-05 19:53:18.401-03:00 ERROR c.m.a.a.i.p.CpuPerformanceCounterCalculator - Error in getProcessCPUUsage
2022-04-05 19:53:19.403-03:00 ERROR c.m.a.a.i.p.CpuPerformanceCounterCalculator - Error in getProcessCPUUsage
2022-04-05 19:53:20.404-03:00 ERROR c.m.a.a.i.p.CpuPerformanceCounterCalculator - Error in getProcessCPUUsage
2022-04-05 19:53:21.406-03:00 ERROR c.m.a.a.i.p.CpuPerformanceCounterCalculator - Error in getProcessCPUUsage
2022-04-05 19:53:22.409-03:00 ERROR c.m.a.a.i.p.CpuPerformanceCounterCalculator - Error in getProcessCPUUsage
2022-04-05 19:53:23.410-03:00 ERROR c.m.a.a.i.p.CpuPerformanceCounterCalculator - Error in getProcessCPUUsage
2022-04-05 19:53:24.412-03:00 ERROR c.m.a.a.i.p.CpuPerformanceCounterCalculator - Error in getProcessCPUUsage
2022-04-05 19:53:25.415-03:00 ERROR c.m.a.a.i.p.CpuPerformanceCounterCalculator - Error in getProcessCPUUsage
2022-04-05 19:53:26.418-03:00 ERROR c.m.a.a.i.p.CpuPerformanceCounterCalculator - Error in getProcessCPUUsage
2022-04-05 19:53:27.421-03:00 ERROR c.m.a.a.i.p.CpuPerformanceCounterCalculator - Error in getProcessCPUUsage
2022-04-05 19:53:28.426-03:00 ERROR c.m.a.a.i.p.CpuPerformanceCounterCalculator - Error in getProcessCPUUsage
2022-04-05 19:53:29.428-03:00 ERROR c.m.a.a.i.p.CpuPerformanceCounterCalculator - Error in getProcessCPUUsage
2022-04-05 19:53:30.430-03:00 ERROR c.m.a.a.i.p.CpuPerformanceCounterCalculator - Error in getProcessCPUUsage
2022-04-05 19:53:31.433-03:00 ERROR c.m.a.a.i.p.CpuPerformanceCounterCalculator - Error in getProcessCPUUsage
2022-04-05 19:53:32.435-03:00 ERROR c.m.a.a.i.p.CpuPerformanceCounterCalculator - Error in getProcessCPUUsage
2022-04-05 19:53:33.436-03:00 ERROR c.m.a.a.i.p.CpuPerformanceCounterCalculator - Error in getProcessCPUUsage
2022-04-05 19:53:34.439-03:00 ERROR c.m.a.a.i.p.CpuPerformanceCounterCalculator - Error in getProcessCPUUsage
2022-04-05 19:53:35.442-03:00 ERROR c.m.a.a.i.p.CpuPerformanceCounterCalculator - Error in getProcessCPUUsage
2022-04-05 19:53:36.444-03:00 ERROR c.m.a.a.i.p.CpuPerformanceCounterCalculator - Error in getProcessCPUUsage
2022-04-05 19:53:37.445-03:00 ERROR c.m.a.a.i.p.CpuPerformanceCounterCalculator - Error in getProcessCPUUsage
2022-04-05 19:53:38.447-03:00 ERROR c.m.a.a.i.p.CpuPerformanceCounterCalculator - Error in getProcessCPUUsage
2022-04-05 19:53:39.450-03:00 ERROR c.m.a.a.i.p.CpuPerformanceCounterCalculator - Error in getProcessCPUUsage
2022-04-05 19:53:40.454-03:00 ERROR c.m.a.a.i.p.CpuPerformanceCounterCalculator - Error in getProcessCPUUsage
2022-04-05 19:53:41.455-03:00 ERROR c.m.a.a.i.p.CpuPerformanceCounterCalculator - Error in getProcessCPUUsage
2022-04-05 19:53:42.457-03:00 ERROR c.m.a.a.i.p.CpuPerformanceCounterCalculator - Error in getProcessCPUUsage
2022-04-05 19:53:43.459-03:00 ERROR c.m.a.a.i.p.CpuPerformanceCounterCalculator - Error in getProcessCPUUsage
2022-04-05 19:53:44.460-03:00 ERROR c.m.a.a.i.p.CpuPerformanceCounterCalculator - Error in getProcessCPUUsage
2022-04-05 19:53:45.461-03:00 ERROR c.m.a.a.i.p.CpuPerformanceCounterCalculator - Error in getProcessCPUUsage
2022-04-05 19:53:46.464-03:00 ERROR c.m.a.a.i.p.CpuPerformanceCounterCalculator - Error in getProcessCPUUsage
2022-04-05 19:53:47.467-03:00 ERROR c.m.a.a.i.p.CpuPerformanceCounterCalculator - Error in getProcessCPUUsage
2022-04-05 19:53:48.470-03:00 ERROR c.m.a.a.i.p.CpuPerformanceCounterCalculator - Error in getProcessCPUUsage
2022-04-05 19:53:49.471-03:00 ERROR c.m.a.a.i.p.CpuPerformanceCounterCalculator - Error in getProcessCPUUsage
2022-04-05 19:53:50.473-03:00 ERROR c.m.a.a.i.p.CpuPerformanceCounterCalculator - Error in getProcessCPUUsage
2022-04-05 19:53:51.474-03:00 ERROR c.m.a.a.i.p.CpuPerformanceCounterCalculator - Error in getProcessCPUUsage
2022-04-05 19:53:52.475-03:00 ERROR c.m.a.a.i.p.CpuPerformanceCounterCalculator - Error in getProcessCPUUsage
2022-04-05 19:53:53.477-03:00 ERROR c.m.a.a.i.p.CpuPerformanceCounterCalculator - Error in getProcessCPUUsage
2022-04-05 19:53:54.478-03:00 ERROR c.m.a.a.i.p.CpuPerformanceCounterCalculator - Error in getProcessCPUUsage
2022-04-05 19:53:55.480-03:00 ERROR c.m.a.a.i.p.CpuPerformanceCounterCalculator - Error in getProcessCPUUsage
2022-04-05 19:53:56.483-03:00 ERROR c.m.a.a.i.p.CpuPerformanceCounterCalculator - Error in getProcessCPUUsage
2022-04-05 19:53:57.485-03:00 ERROR c.m.a.a.i.p.CpuPerformanceCounterCalculator - Error in getProcessCPUUsage
2022-04-05 19:53:58.491-03:00 ERROR c.m.a.a.i.p.CpuPerformanceCounterCalculator - Error in getProcessCPUUsage
2022-04-05 19:53:59.492-03:00 ERROR c.m.a.a.i.p.CpuPerformanceCounterCalculator - Error in getProcessCPUUsage
2022-04-05 19:54:00.494-03:00 ERROR c.m.a.a.i.p.CpuPerformanceCounterCalculator - Error in getProcessCPUUsage
2022-04-05 19:54:01.496-03:00 ERROR c.m.a.a.i.p.CpuPerformanceCounterCalculator - Error in getProcessCPUUsage
2022-04-05 19:54:02.497-03:00 ERROR c.m.a.a.i.p.CpuPerformanceCounterCalculator - Error in getProcessCPUUsage
2022-04-05 19:54:03.499-03:00 ERROR c.m.a.a.i.p.CpuPerformanceCounterCalculator - Error in getProcessCPUUsage
2022-04-05 19:54:04.501-03:00 ERROR c.m.a.a.i.p.CpuPerformanceCounterCalculator - Error in getProcessCPUUsage
2022-04-05 19:54:04.646-03:00 ERROR c.m.a.a.i.p.FreeMemoryPerformanceCounter - Error getting FreePhysicalMemorySize
2022-04-05 19:54:04.804-03:00 ERROR c.m.a.a.i.p.CpuPerformanceCounterCalculator - Error in getProcessCPUUsage
2022-04-05 19:54:05.502-03:00 ERROR c.m.a.a.i.p.CpuPerformanceCounterCalculator - Error in getProcessCPUUsage
2022-04-05 19:54:06.504-03:00 ERROR c.m.a.a.i.p.CpuPerformanceCounterCalculator - Error in getProcessCPUUsage
2022-04-05 19:54:07.506-03:00 ERROR c.m.a.a.i.p.CpuPerformanceCounterCalculator - Error in getProcessCPUUsage
2022-04-05 19:54:08.510-03:00 ERROR c.m.a.a.i.p.CpuPerformanceCounterCalculator - Error in getProcessCPUUsage
2022-04-05 19:54:09.511-03:00 ERROR c.m.a.a.i.p.CpuPerformanceCounterCalculator - Error in getProcessCPUUsage
2022-04-05 19:54:10.513-03:00 ERROR c.m.a.a.i.p.CpuPerformanceCounterCalculator - Error in getProcessCPUUsage
2022-04-05 19:54:11.514-03:00 ERROR c.m.a.a.i.p.CpuPerformanceCounterCalculator - Error in getProcessCPUUsage
2022-04-05 19:54:12.516-03:00 ERROR c.m.a.a.i.p.CpuPerformanceCounterCalculator - Error in getProcessCPUUsage
2022-04-05 19:54:13.517-03:00 ERROR c.m.a.a.i.p.CpuPerformanceCounterCalculator - Error in getProcessCPUUsage
2022-04-05 19:54:14.520-03:00 ERROR c.m.a.a.i.p.CpuPerformanceCounterCalculator - Error in getProcessCPUUsage
2022-04-05 19:54:15.521-03:00 ERROR c.m.a.a.i.p.CpuPerformanceCounterCalculator - Error in getProcessCPUUsage
2022-04-05 19:54:16.523-03:00 ERROR c.m.a.a.i.p.CpuPerformanceCounterCalculator - Error in getProcessCPUUsage
2022-04-05 19:54:17.525-03:00 ERROR c.m.a.a.i.p.CpuPerformanceCounterCalculator - Error in getProcessCPUUsage
2022-04-05 19:54:18.527-03:00 ERROR c.m.a.a.i.p.CpuPerformanceCounterCalculator - Error in getProcessCPUUsage
2022-04-05 19:54:27.410-03:00 INFO  c.m.applicationinsights.agent - ApplicationInsights Java Agent 3.2.7 started successfully (PID 15148)
2022-04-05 19:54:28.315-03:00 ERROR c.m.a.a.i.p.CpuPerformanceCounterCalculator - Error in getProcessCPUUsage
2022-04-05 19:54:29.341-03:00 ERROR c.m.a.a.i.p.CpuPerformanceCounterCalculator - Error in getProcessCPUUsage
2022-04-05 19:54:30.352-03:00 ERROR c.m.a.a.i.p.CpuPerformanceCounterCalculator - Error in getProcessCPUUsage
2022-04-05 19:54:31.358-03:00 ERROR c.m.a.a.i.p.CpuPerformanceCounterCalculator - Error in getProcessCPUUsage
2022-04-05 19:54:32.364-03:00 ERROR c.m.a.a.i.p.CpuPerformanceCounterCalculator - Error in getProcessCPUUsage
2022-04-05 19:54:33.380-03:00 ERROR c.m.a.a.i.p.CpuPerformanceCounterCalculator - Error in getProcessCPUUsage
2022-04-05 19:54:34.383-03:00 ERROR c.m.a.a.i.p.CpuPerformanceCounterCalculator - Error in getProcessCPUUsage
2022-04-05 19:54:35.390-03:00 ERROR c.m.a.a.i.p.CpuPerformanceCounterCalculator - Error in getProcessCPUUsage
2022-04-05 19:54:36.393-03:00 ERROR c.m.a.a.i.p.CpuPerformanceCounterCalculator - Error in getProcessCPUUsage
2022-04-05 19:54:37.396-03:00 ERROR c.m.a.a.i.p.CpuPerformanceCounterCalculator - Error in getProcessCPUUsage
2022-04-05 19:54:38.399-03:00 ERROR c.m.a.a.i.p.CpuPerformanceCounterCalculator - Error in getProcessCPUUsage
2022-04-05 19:54:39.402-03:00 ERROR c.m.a.a.i.p.CpuPerformanceCounterCalculator - Error in getProcessCPUUsage
2022-04-05 19:54:40.406-03:00 ERROR c.m.a.a.i.p.CpuPerformanceCounterCalculator - Error in getProcessCPUUsage
2022-04-05 19:54:41.417-03:00 ERROR c.m.a.a.i.p.CpuPerformanceCounterCalculator - Error in getProcessCPUUsage
2022-04-05 19:54:42.420-03:00 ERROR c.m.a.a.i.p.CpuPerformanceCounterCalculator - Error in getProcessCPUUsage
2022-04-05 19:54:43.434-03:00 ERROR c.m.a.a.i.p.CpuPerformanceCounterCalculator - Error in getProcessCPUUsage
2022-04-05 19:54:44.436-03:00 ERROR c.m.a.a.i.p.CpuPerformanceCounterCalculator - Error in getProcessCPUUsage
2022-04-05 19:54:45.438-03:00 ERROR c.m.a.a.i.p.CpuPerformanceCounterCalculator - Error in getProcessCPUUsage
2022-04-05 19:54:46.439-03:00 ERROR c.m.a.a.i.p.CpuPerformanceCounterCalculator - Error in getProcessCPUUsage
2022-04-05 19:54:47.441-03:00 ERROR c.m.a.a.i.p.CpuPerformanceCounterCalculator - Error in getProcessCPUUsage
2022-04-05 19:54:48.445-03:00 ERROR c.m.a.a.i.p.CpuPerformanceCounterCalculator - Error in getProcessCPUUsage
2022-04-05 19:54:49.453-03:00 ERROR c.m.a.a.i.p.CpuPerformanceCounterCalculator - Error in getProcessCPUUsage
2022-04-05 19:55:27.097-03:00 INFO  c.m.applicationinsights.agent - ApplicationInsights Java Agent 3.2.7 started successfully (PID 15008)
2022-04-05 19:55:27.917-03:00 ERROR c.m.a.a.i.p.CpuPerformanceCounterCalculator - Error in getProcessCPUUsage
2022-04-05 19:55:28.931-03:00 ERROR c.m.a.a.i.p.CpuPerformanceCounterCalculator - Error in getProcessCPUUsage
2022-04-05 19:55:29.952-03:00 ERROR c.m.a.a.i.p.CpuPerformanceCounterCalculator - Error in getProcessCPUUsage
2022-04-05 19:55:30.957-03:00 ERROR c.m.a.a.i.p.CpuPerformanceCounterCalculator - Error in getProcessCPUUsage
2022-04-05 19:55:31.960-03:00 ERROR c.m.a.a.i.p.CpuPerformanceCounterCalculator - Error in getProcessCPUUsage
2022-04-05 19:55:32.966-03:00 ERROR c.m.a.a.i.p.CpuPerformanceCounterCalculator - Error in getProcessCPUUsage
2022-04-05 19:55:33.977-03:00 ERROR c.m.a.a.i.p.CpuPerformanceCounterCalculator - Error in getProcessCPUUsage
2022-04-05 19:55:34.983-03:00 ERROR c.m.a.a.i.p.CpuPerformanceCounterCalculator - Error in getProcessCPUUsage
2022-04-05 19:55:35.985-03:00 ERROR c.m.a.a.i.p.CpuPerformanceCounterCalculator - Error in getProcessCPUUsage
2022-04-05 19:55:36.990-03:00 ERROR c.m.a.a.i.p.CpuPerformanceCounterCalculator - Error in getProcessCPUUsage
2022-04-05 19:55:37.992-03:00 ERROR c.m.a.a.i.p.CpuPerformanceCounterCalculator - Error in getProcessCPUUsage
2022-04-05 19:55:38.996-03:00 ERROR c.m.a.a.i.p.CpuPerformanceCounterCalculator - Error in getProcessCPUUsage
2022-04-05 19:55:39.999-03:00 ERROR c.m.a.a.i.p.CpuPerformanceCounterCalculator - Error in getProcessCPUUsage
2022-04-05 19:55:41.004-03:00 ERROR c.m.a.a.i.p.CpuPerformanceCounterCalculator - Error in getProcessCPUUsage
2022-04-05 19:55:42.005-03:00 ERROR c.m.a.a.i.p.CpuPerformanceCounterCalculator - Error in getProcessCPUUsage
2022-04-05 19:55:43.012-03:00 ERROR c.m.a.a.i.p.CpuPerformanceCounterCalculator - Error in getProcessCPUUsage
2022-04-05 19:55:44.015-03:00 ERROR c.m.a.a.i.p.CpuPerformanceCounterCalculator - Error in getProcessCPUUsage
2022-04-05 19:55:45.016-03:00 ERROR c.m.a.a.i.p.CpuPerformanceCounterCalculator - Error in getProcessCPUUsage
2022-04-05 19:55:46.019-03:00 ERROR c.m.a.a.i.p.CpuPerformanceCounterCalculator - Error in getProcessCPUUsage
2022-04-05 19:55:47.020-03:00 ERROR c.m.a.a.i.p.CpuPerformanceCounterCalculator - Error in getProcessCPUUsage
2022-04-05 19:55:48.022-03:00 ERROR c.m.a.a.i.p.CpuPerformanceCounterCalculator - Error in getProcessCPUUsage
2022-04-05 19:55:49.025-03:00 ERROR c.m.a.a.i.p.CpuPerformanceCounterCalculator - Error in getProcessCPUUsage
2022-04-05 19:55:50.027-03:00 ERROR c.m.a.a.i.p.CpuPerformanceCounterCalculator - Error in getProcessCPUUsage
2022-04-05 19:55:51.033-03:00 ERROR c.m.a.a.i.p.CpuPerformanceCounterCalculator - Error in getProcessCPUUsage
2022-04-05 19:55:52.035-03:00 ERROR c.m.a.a.i.p.CpuPerformanceCounterCalculator - Error in getProcessCPUUsage
2022-04-05 19:55:53.037-03:00 ERROR c.m.a.a.i.p.CpuPerformanceCounterCalculator - Error in getProcessCPUUsage
2022-04-05 19:55:54.044-03:00 ERROR c.m.a.a.i.p.CpuPerformanceCounterCalculator - Error in getProcessCPUUsage
2022-04-05 19:55:55.046-03:00 ERROR c.m.a.a.i.p.CpuPerformanceCounterCalculator - Error in getProcessCPUUsage
2022-04-05 19:55:56.049-03:00 ERROR c.m.a.a.i.p.CpuPerformanceCounterCalculator - Error in getProcessCPUUsage
2022-04-05 19:55:57.053-03:00 ERROR c.m.a.a.i.p.CpuPerformanceCounterCalculator - Error in getProcessCPUUsage
2022-04-05 19:55:58.056-03:00 ERROR c.m.a.a.i.p.CpuPerformanceCounterCalculator - Error in getProcessCPUUsage
2022-04-05 19:55:59.061-03:00 ERROR c.m.a.a.i.p.CpuPerformanceCounterCalculator - Error in getProcessCPUUsage
2022-04-05 19:56:00.065-03:00 ERROR c.m.a.a.i.p.CpuPerformanceCounterCalculator - Error in getProcessCPUUsage
2022-04-05 19:56:01.067-03:00 ERROR c.m.a.a.i.p.CpuPerformanceCounterCalculator - Error in getProcessCPUUsage
2022-04-05 19:56:02.073-03:00 ERROR c.m.a.a.i.p.CpuPerformanceCounterCalculator - Error in getProcessCPUUsage
2022-04-05 19:56:03.074-03:00 ERROR c.m.a.a.i.p.CpuPerformanceCounterCalculator - Error in getProcessCPUUsage
2022-04-05 19:56:04.076-03:00 ERROR c.m.a.a.i.p.CpuPerformanceCounterCalculator - Error in getProcessCPUUsage
2022-04-05 19:56:05.079-03:00 ERROR c.m.a.a.i.p.CpuPerformanceCounterCalculator - Error in getProcessCPUUsage
2022-04-05 19:56:06.082-03:00 ERROR c.m.a.a.i.p.CpuPerformanceCounterCalculator - Error in getProcessCPUUsage
2022-04-05 19:56:07.083-03:00 ERROR c.m.a.a.i.p.CpuPerformanceCounterCalculator - Error in getProcessCPUUsage
2022-04-05 19:56:08.085-03:00 ERROR c.m.a.a.i.p.CpuPerformanceCounterCalculator - Error in getProcessCPUUsage
2022-04-05 19:56:09.088-03:00 ERROR c.m.a.a.i.p.CpuPerformanceCounterCalculator - Error in getProcessCPUUsage
2022-04-05 19:56:10.090-03:00 ERROR c.m.a.a.i.p.CpuPerformanceCounterCalculator - Error in getProcessCPUUsage
2022-04-05 19:56:11.093-03:00 ERROR c.m.a.a.i.p.CpuPerformanceCounterCalculator - Error in getProcessCPUUsage
2022-04-05 19:56:12.094-03:00 ERROR c.m.a.a.i.p.CpuPerformanceCounterCalculator - Error in getProcessCPUUsage
2022-04-05 19:56:13.097-03:00 ERROR c.m.a.a.i.p.CpuPerformanceCounterCalculator - Error in getProcessCPUUsage
2022-04-05 19:56:14.099-03:00 ERROR c.m.a.a.i.p.CpuPerformanceCounterCalculator - Error in getProcessCPUUsage
2022-04-05 19:56:15.100-03:00 ERROR c.m.a.a.i.p.CpuPerformanceCounterCalculator - Error in getProcessCPUUsage
2022-04-05 19:56:16.103-03:00 ERROR c.m.a.a.i.p.CpuPerformanceCounterCalculator - Error in getProcessCPUUsage
2022-04-05 19:56:17.105-03:00 ERROR c.m.a.a.i.p.CpuPerformanceCounterCalculator - Error in getProcessCPUUsage
2022-04-05 19:56:18.106-03:00 ERROR c.m.a.a.i.p.CpuPerformanceCounterCalculator - Error in getProcessCPUUsage
2022-04-05 19:56:19.108-03:00 ERROR c.m.a.a.i.p.CpuPerformanceCounterCalculator - Error in getProcessCPUUsage
2022-04-05 19:56:20.112-03:00 ERROR c.m.a.a.i.p.CpuPerformanceCounterCalculator - Error in getProcessCPUUsage
2022-04-05 19:56:21.113-03:00 ERROR c.m.a.a.i.p.CpuPerformanceCounterCalculator - Error in getProcessCPUUsage
2022-04-05 19:56:22.117-03:00 ERROR c.m.a.a.i.p.CpuPerformanceCounterCalculator - Error in getProcessCPUUsage
2022-04-05 19:56:23.119-03:00 ERROR c.m.a.a.i.p.CpuPerformanceCounterCalculator - Error in getProcessCPUUsage
2022-04-05 19:56:23.261-03:00 ERROR c.m.a.a.i.p.FreeMemoryPerformanceCounter - Error getting FreePhysicalMemorySize
2022-04-05 19:56:24.120-03:00 ERROR c.m.a.a.i.p.CpuPerformanceCounterCalculator - Error in getProcessCPUUsage
2022-04-05 19:56:24.511-03:00 ERROR c.m.a.a.i.p.CpuPerformanceCounterCalculator - Error in getProcessCPUUsage
2022-04-05 19:56:25.124-03:00 ERROR c.m.a.a.i.p.CpuPerformanceCounterCalculator - Error in getProcessCPUUsage
2022-04-05 19:56:26.127-03:00 ERROR c.m.a.a.i.p.CpuPerformanceCounterCalculator - Error in getProcessCPUUsage
2022-04-05 19:56:27.129-03:00 ERROR c.m.a.a.i.p.CpuPerformanceCounterCalculator - Error in getProcessCPUUsage
2022-04-05 19:56:28.132-03:00 ERROR c.m.a.a.i.p.CpuPerformanceCounterCalculator - Error in getProcessCPUUsage
2022-04-05 19:56:29.135-03:00 ERROR c.m.a.a.i.p.CpuPerformanceCounterCalculator - Error in getProcessCPUUsage
2022-04-05 19:56:30.138-03:00 ERROR c.m.a.a.i.p.CpuPerformanceCounterCalculator - Error in getProcessCPUUsage
2022-04-05 19:56:31.140-03:00 ERROR c.m.a.a.i.p.CpuPerformanceCounterCalculator - Error in getProcessCPUUsage
2022-04-05 19:56:32.144-03:00 ERROR c.m.a.a.i.p.CpuPerformanceCounterCalculator - Error in getProcessCPUUsage
2022-04-05 19:56:33.146-03:00 ERROR c.m.a.a.i.p.CpuPerformanceCounterCalculator - Error in getProcessCPUUsage
2022-04-05 19:56:34.148-03:00 ERROR c.m.a.a.i.p.CpuPerformanceCounterCalculator - Error in getProcessCPUUsage
2022-04-05 19:56:35.151-03:00 ERROR c.m.a.a.i.p.CpuPerformanceCounterCalculator - Error in getProcessCPUUsage
2022-04-05 19:56:36.153-03:00 ERROR c.m.a.a.i.p.CpuPerformanceCounterCalculator - Error in getProcessCPUUsage
2022-04-05 19:56:37.154-03:00 ERROR c.m.a.a.i.p.CpuPerformanceCounterCalculator - Error in getProcessCPUUsage
2022-04-05 19:56:38.156-03:00 ERROR c.m.a.a.i.p.CpuPerformanceCounterCalculator - Error in getProcessCPUUsage
2022-04-05 19:56:39.158-03:00 ERROR c.m.a.a.i.p.CpuPerformanceCounterCalculator - Error in getProcessCPUUsage
2022-04-05 19:56:40.160-03:00 ERROR c.m.a.a.i.p.CpuPerformanceCounterCalculator - Error in getProcessCPUUsage
2022-04-05 19:56:41.161-03:00 ERROR c.m.a.a.i.p.CpuPerformanceCounterCalculator - Error in getProcessCPUUsage
2022-04-05 19:56:42.164-03:00 ERROR c.m.a.a.i.p.CpuPerformanceCounterCalculator - Error in getProcessCPUUsage
2022-04-05 19:56:43.165-03:00 ERROR c.m.a.a.i.p.CpuPerformanceCounterCalculator - Error in getProcessCPUUsage
2022-04-05 19:56:44.167-03:00 ERROR c.m.a.a.i.p.CpuPerformanceCounterCalculator - Error in getProcessCPUUsage
2022-04-05 19:56:45.169-03:00 ERROR c.m.a.a.i.p.CpuPerformanceCounterCalculator - Error in getProcessCPUUsage
2022-04-05 19:56:46.171-03:00 ERROR c.m.a.a.i.p.CpuPerformanceCounterCalculator - Error in getProcessCPUUsage
2022-04-05 19:56:47.174-03:00 ERROR c.m.a.a.i.p.CpuPerformanceCounterCalculator - Error in getProcessCPUUsage
2022-04-05 19:56:48.178-03:00 ERROR c.m.a.a.i.p.CpuPerformanceCounterCalculator - Error in getProcessCPUUsage
2022-04-05 19:56:49.181-03:00 ERROR c.m.a.a.i.p.CpuPerformanceCounterCalculator - Error in getProcessCPUUsage
2022-04-05 19:56:50.183-03:00 ERROR c.m.a.a.i.p.CpuPerformanceCounterCalculator - Error in getProcessCPUUsage
2022-04-05 19:56:51.186-03:00 ERROR c.m.a.a.i.p.CpuPerformanceCounterCalculator - Error in getProcessCPUUsage
2022-04-05 19:56:52.195-03:00 ERROR c.m.a.a.i.p.CpuPerformanceCounterCalculator - Error in getProcessCPUUsage
2022-04-05 19:56:53.199-03:00 ERROR c.m.a.a.i.p.CpuPerformanceCounterCalculator - Error in getProcessCPUUsage
2022-04-05 19:56:54.201-03:00 ERROR c.m.a.a.i.p.CpuPerformanceCounterCalculator - Error in getProcessCPUUsage
2022-04-05 19:56:55.208-03:00 ERROR c.m.a.a.i.p.CpuPerformanceCounterCalculator - Error in getProcessCPUUsage
2022-04-05 19:56:56.213-03:00 ERROR c.m.a.a.i.p.CpuPerformanceCounterCalculator - Error in getProcessCPUUsage
2022-04-05 19:56:57.217-03:00 ERROR c.m.a.a.i.p.CpuPerformanceCounterCalculator - Error in getProcessCPUUsage
2022-04-05 19:56:58.222-03:00 ERROR c.m.a.a.i.p.CpuPerformanceCounterCalculator - Error in getProcessCPUUsage
2022-04-05 19:56:59.224-03:00 ERROR c.m.a.a.i.p.CpuPerformanceCounterCalculator - Error in getProcessCPUUsage
2022-04-05 19:57:00.224-03:00 ERROR c.m.a.a.i.p.CpuPerformanceCounterCalculator - Error in getProcessCPUUsage
2022-04-05 19:57:01.227-03:00 ERROR c.m.a.a.i.p.CpuPerformanceCounterCalculator - Error in getProcessCPUUsage
2022-04-05 19:57:02.230-03:00 ERROR c.m.a.a.i.p.CpuPerformanceCounterCalculator - Error in getProcessCPUUsage
2022-04-05 19:57:03.233-03:00 ERROR c.m.a.a.i.p.CpuPerformanceCounterCalculator - Error in getProcessCPUUsage
2022-04-05 19:57:04.234-03:00 ERROR c.m.a.a.i.p.CpuPerformanceCounterCalculator - Error in getProcessCPUUsage
2022-04-05 19:57:05.235-03:00 ERROR c.m.a.a.i.p.CpuPerformanceCounterCalculator - Error in getProcessCPUUsage
2022-04-05 19:57:06.236-03:00 ERROR c.m.a.a.i.p.CpuPerformanceCounterCalculator - Error in getProcessCPUUsage
2022-04-05 19:57:07.238-03:00 ERROR c.m.a.a.i.p.CpuPerformanceCounterCalculator - Error in getProcessCPUUsage
2022-04-05 19:57:08.240-03:00 ERROR c.m.a.a.i.p.CpuPerformanceCounterCalculator - Error in getProcessCPUUsage
2022-04-05 19:57:09.241-03:00 ERROR c.m.a.a.i.p.CpuPerformanceCounterCalculator - Error in getProcessCPUUsage
2022-04-05 19:57:10.243-03:00 ERROR c.m.a.a.i.p.CpuPerformanceCounterCalculator - Error in getProcessCPUUsage
2022-04-05 19:57:11.244-03:00 ERROR c.m.a.a.i.p.CpuPerformanceCounterCalculator - Error in getProcessCPUUsage
2022-04-05 19:57:12.245-03:00 ERROR c.m.a.a.i.p.CpuPerformanceCounterCalculator - Error in getProcessCPUUsage
2022-04-05 19:57:13.247-03:00 ERROR c.m.a.a.i.p.CpuPerformanceCounterCalculator - Error in getProcessCPUUsage
2022-04-05 19:57:14.248-03:00 ERROR c.m.a.a.i.p.CpuPerformanceCounterCalculator - Error in getProcessCPUUsage
2022-04-05 19:57:15.251-03:00 ERROR c.m.a.a.i.p.CpuPerformanceCounterCalculator - Error in getProcessCPUUsage
2022-04-05 19:57:16.253-03:00 ERROR c.m.a.a.i.p.CpuPerformanceCounterCalculator - Error in getProcessCPUUsage
2022-04-05 19:57:17.255-03:00 ERROR c.m.a.a.i.p.CpuPerformanceCounterCalculator - Error in getProcessCPUUsage
2022-04-05 19:57:18.256-03:00 ERROR c.m.a.a.i.p.CpuPerformanceCounterCalculator - Error in getProcessCPUUsage
2022-04-05 19:57:19.258-03:00 ERROR c.m.a.a.i.p.CpuPerformanceCounterCalculator - Error in getProcessCPUUsage
2022-04-05 19:57:20.262-03:00 ERROR c.m.a.a.i.p.CpuPerformanceCounterCalculator - Error in getProcessCPUUsage
2022-04-05 19:57:21.264-03:00 ERROR c.m.a.a.i.p.CpuPerformanceCounterCalculator - Error in getProcessCPUUsage
2022-04-05 19:57:22.266-03:00 ERROR c.m.a.a.i.p.CpuPerformanceCounterCalculator - Error in getProcessCPUUsage
2022-04-05 19:57:23.254-03:00 ERROR c.m.a.a.i.p.FreeMemoryPerformanceCounter - Error getting FreePhysicalMemorySize
2022-04-05 19:57:23.268-03:00 ERROR c.m.a.a.i.p.CpuPerformanceCounterCalculator - Error in getProcessCPUUsage
2022-04-05 19:57:23.397-03:00 ERROR c.m.a.a.i.p.CpuPerformanceCounterCalculator - Error in getProcessCPUUsage
2022-04-05 19:57:24.269-03:00 ERROR c.m.a.a.i.p.CpuPerformanceCounterCalculator - Error in getProcessCPUUsage
2022-04-05 19:57:25.272-03:00 ERROR c.m.a.a.i.p.CpuPerformanceCounterCalculator - Error in getProcessCPUUsage
2022-04-05 19:57:26.274-03:00 ERROR c.m.a.a.i.p.CpuPerformanceCounterCalculator - Error in getProcessCPUUsage
2022-04-05 19:57:27.277-03:00 ERROR c.m.a.a.i.p.CpuPerformanceCounterCalculator - Error in getProcessCPUUsage
2022-04-05 19:57:28.279-03:00 ERROR c.m.a.a.i.p.CpuPerformanceCounterCalculator - Error in getProcessCPUUsage
2022-04-05 19:57:29.282-03:00 ERROR c.m.a.a.i.p.CpuPerformanceCounterCalculator - Error in getProcessCPUUsage
2022-04-05 19:57:30.283-03:00 ERROR c.m.a.a.i.p.CpuPerformanceCounterCalculator - Error in getProcessCPUUsage
2022-04-05 19:57:31.286-03:00 ERROR c.m.a.a.i.p.CpuPerformanceCounterCalculator - Error in getProcessCPUUsage
2022-04-05 19:57:32.288-03:00 ERROR c.m.a.a.i.p.CpuPerformanceCounterCalculator - Error in getProcessCPUUsage
2022-04-05 19:57:33.290-03:00 ERROR c.m.a.a.i.p.CpuPerformanceCounterCalculator - Error in getProcessCPUUsage
2022-04-05 19:57:34.293-03:00 ERROR c.m.a.a.i.p.CpuPerformanceCounterCalculator - Error in getProcessCPUUsage
2022-04-05 19:57:35.294-03:00 ERROR c.m.a.a.i.p.CpuPerformanceCounterCalculator - Error in getProcessCPUUsage
2022-04-05 19:57:36.296-03:00 ERROR c.m.a.a.i.p.CpuPerformanceCounterCalculator - Error in getProcessCPUUsage
2022-04-05 19:57:37.297-03:00 ERROR c.m.a.a.i.p.CpuPerformanceCounterCalculator - Error in getProcessCPUUsage
2022-04-05 19:57:38.298-03:00 ERROR c.m.a.a.i.p.CpuPerformanceCounterCalculator - Error in getProcessCPUUsage
2022-04-05 19:57:39.301-03:00 ERROR c.m.a.a.i.p.CpuPerformanceCounterCalculator - Error in getProcessCPUUsage
2022-04-05 19:57:40.302-03:00 ERROR c.m.a.a.i.p.CpuPerformanceCounterCalculator - Error in getProcessCPUUsage
2022-04-05 19:57:41.305-03:00 ERROR c.m.a.a.i.p.CpuPerformanceCounterCalculator - Error in getProcessCPUUsage
2022-04-05 19:57:42.307-03:00 ERROR c.m.a.a.i.p.CpuPerformanceCounterCalculator - Error in getProcessCPUUsage
2022-04-05 19:57:43.310-03:00 ERROR c.m.a.a.i.p.CpuPerformanceCounterCalculator - Error in getProcessCPUUsage
2022-04-05 19:57:44.314-03:00 ERROR c.m.a.a.i.p.CpuPerformanceCounterCalculator - Error in getProcessCPUUsage
2022-04-05 19:57:45.316-03:00 ERROR c.m.a.a.i.p.CpuPerformanceCounterCalculator - Error in getProcessCPUUsage
2022-04-05 19:57:46.319-03:00 ERROR c.m.a.a.i.p.CpuPerformanceCounterCalculator - Error in getProcessCPUUsage
2022-04-05 19:57:47.320-03:00 ERROR c.m.a.a.i.p.CpuPerformanceCounterCalculator - Error in getProcessCPUUsage
2022-04-05 19:57:48.321-03:00 ERROR c.m.a.a.i.p.CpuPerformanceCounterCalculator - Error in getProcessCPUUsage
2022-04-05 19:57:49.324-03:00 ERROR c.m.a.a.i.p.CpuPerformanceCounterCalculator - Error in getProcessCPUUsage
2022-04-05 19:57:50.326-03:00 ERROR c.m.a.a.i.p.CpuPerformanceCounterCalculator - Error in getProcessCPUUsage
2022-04-05 19:57:51.327-03:00 ERROR c.m.a.a.i.p.CpuPerformanceCounterCalculator - Error in getProcessCPUUsage
2022-04-05 19:58:23.254-03:00 ERROR c.m.a.a.i.p.FreeMemoryPerformanceCounter - Error getting FreePhysicalMemorySize
2022-04-05 19:58:23.404-03:00 ERROR c.m.a.a.i.p.CpuPerformanceCounterCalculator - Error in getProcessCPUUsage
2022-04-05 20:39:28.644-03:00 INFO  c.m.applicationinsights.agent - ApplicationInsights Java Agent 3.2.7 started successfully (PID 14016)
